ANDROID/sample/build/outputs/logs/manifest-merger-release-report.txt
-- Merging decision tree log ---
manifest
ADDED from src\main\AndroidManifest.xml:2:1-48:12
	package
		ADDED from src\main\AndroidManifest.xml:4:11-41
	android:versionName
		ADDED from src\main\AndroidManifest.xml:6:11-36
		INJECTED from src\main\AndroidManifest.xml
		INJECTED from src\main\AndroidManifest.xml
	xmlns:tools
		ADDED from src\main\AndroidManifest.xml:3:11-57
	android:versionCode
		ADDED from src\main\AndroidManifest.xml:5:11-34
		INJECTED from src\main\AndroidManifest.xml
		INJECTED from src\main\AndroidManifest.xml
	xmlns:android
		ADDED from src\main\AndroidManifest.xml:2:11-69
uses-sdk
ADDED from src\main\AndroidManifest.xml:8:5-43
MERGED from [com.android.support:multidex:1.0.1] AndroidManifest.xml:18:5-42
MERGED from [ANDROID:WebPluginLib:unspecified:release] AndroidManifest.xml:7:5-9:41
MERGED from [ANDROID:imagepicker:unspecified] AndroidManifest.xml:7:5-9:41
MERGED from [com.android.support:appcompat-v7:23.4.0] AndroidManifest.xml:21:5-23:78
MERGED from [com.android.support:animated-vector-drawable:23.4.0] AndroidManifest.xml:5:5-44
MERGED from [com.android.support:support-vector-drawable:23.4.0] AndroidManifest.xml:5:5-43
MERGED from [com.android.support:support-v4:23.4.0] AndroidManifest.xml:20:5-43
MERGED from [com.android.support:support-v4:23.4.0] AndroidManifest.xml:20:5-43
MERGED from [com.android.support:support-vector-drawable:23.4.0] AndroidManifest.xml:5:5-43
MERGED from [com.android.support:support-v4:23.4.0] AndroidManifest.xml:20:5-43
MERGED from [ANDROID:photoview:unspecified] AndroidManifest.xml:7:5-9:41
MERGED from [com.android.support:support-v4:23.4.0] AndroidManifest.xml:20:5-43
MERGED from [com.android.support:support-v4:23.4.0] AndroidManifest.xml:20:5-43
MERGED from [com.android.support:appcompat-v7:23.4.0] AndroidManifest.xml:21:5-23:78
MERGED from [com.android.support:animated-vector-drawable:23.4.0] AndroidManifest.xml:5:5-44
MERGED from [com.android.support:support-vector-drawable:23.4.0] AndroidManifest.xml:5:5-43
MERGED from [com.android.support:support-v4:23.4.0] AndroidManifest.xml:20:5-43
MERGED from [com.android.support:support-v4:23.4.0] AndroidManifest.xml:20:5-43
MERGED from [com.android.support:support-vector-drawable:23.4.0] AndroidManifest.xml:5:5-43
MERGED from [com.android.support:support-v4:23.4.0] AndroidManifest.xml:20:5-43
	tools:overrideLibrary
		ADDED from [com.android.support:appcompat-v7:23.4.0] AndroidManifest.xml:23:9-75
	android:targetSdkVersion
		ADDED from [ANDROID:WebPluginLib:unspecified:release] AndroidManifest.xml:9:9-38
	android:minSdkVersion
		ADDED from src\main\AndroidManifest.xml:8:15-41
application
ADDED from src\main\AndroidManifest.xml:10:5-46:19
MERGED from [ANDROID:WebPluginLib:unspecified:release] AndroidManifest.xml:55:5-174:19
MERGED from [ANDROID:imagepicker:unspecified] AndroidManifest.xml:20:5-35:19
MERGED from [com.android.support:appcompat-v7:23.4.0] AndroidManifest.xml:25:5-20
MERGED from [com.android.support:animated-vector-drawable:23.4.0] AndroidManifest.xml:7:5-20
MERGED from [com.android.support:support-vector-drawable:23.4.0] AndroidManifest.xml:7:5-20
MERGED from [com.android.support:support-v4:23.4.0] AndroidManifest.xml:22:5-20
MERGED from [com.android.support:support-v4:23.4.0] AndroidManifest.xml:22:5-20
MERGED from [com.android.support:support-vector-drawable:23.4.0] AndroidManifest.xml:7:5-20
MERGED from [com.android.support:support-v4:23.4.0] AndroidManifest.xml:22:5-20
MERGED from [ANDROID:photoview:unspecified] AndroidManifest.xml:11:5-15:19
MERGED from [com.android.support:support-v4:23.4.0] AndroidManifest.xml:22:5-20
MERGED from [com.android.support:support-v4:23.4.0] AndroidManifest.xml:22:5-20
MERGED from [com.android.support:appcompat-v7:23.4.0] AndroidManifest.xml:25:5-20
MERGED from [com.android.support:animated-vector-drawable:23.4.0] AndroidManifest.xml:7:5-20
MERGED from [com.android.support:support-vector-drawable:23.4.0] AndroidManifest.xml:7:5-20
MERGED from [com.android.support:support-v4:23.4.0] AndroidManifest.xml:22:5-20
MERGED from [com.android.support:support-v4:23.4.0] AndroidManifest.xml:22:5-20
MERGED from [com.android.support:support-vector-drawable:23.4.0] AndroidManifest.xml:7:5-20
MERGED from [com.android.support:support-v4:23.4.0] AndroidManifest.xml:22:5-20
	android:label
		ADDED from src\main\AndroidManifest.xml:13:9-41
	android:icon
		ADDED from src\main\AndroidManifest.xml:12:9-45
	android:theme
		ADDED from src\main\AndroidManifest.xml:14:9-40
	android:name
		ADDED from src\main\AndroidManifest.xml:11:9-43
activity#com.tencent.doh.demo.demo.MainActivity
ADDED from src\main\AndroidManifest.xml:16:9-24:20
	android:label
		ADDED from src\main\AndroidManifest.xml:18:13-45
	android:name
		ADDED from src\main\AndroidManifest.xml:17:13-46
intent-filter#android.intent.action.MAIN+android.intent.category.LAUNCHER
ADDED from src\main\AndroidManifest.xml:19:13-23:29
action#android.intent.action.MAIN
ADDED from src\main\AndroidManifest.xml:20:17-68
	android:name
		ADDED from src\main\AndroidManifest.xml:20:25-66
category#android.intent.category.LAUNCHER
ADDED from src\main\AndroidManifest.xml:22:17-76
	android:name
		ADDED from src\main\AndroidManifest.xml:22:27-74
activity#com.tencent.doh.demo.demo.DemoActivity
ADDED from src\main\AndroidManifest.xml:26:9-28:47
	android:label
		ADDED from src\main\AndroidManifest.xml:28:13-45
	android:name
		ADDED from src\main\AndroidManifest.xml:27:13-46
activity#com.tencent.doh.demo.demo.MedActivity
ADDED from src\main\AndroidManifest.xml:30:9-32:47
	android:label
		ADDED from src\main\AndroidManifest.xml:32:13-45
	android:name
		ADDED from src\main\AndroidManifest.xml:31:13-45
activity#com.tencent.doh.demo.wxapi.WXEntryActivity
ADDED from src\main\AndroidManifest.xml:35:9-38:51
	android:screenOrientation
		ADDED from src\main\AndroidManifest.xml:38:13-49
	android:exported
		ADDED from src\main\AndroidManifest.xml:37:13-36
	android:name
		ADDED from src\main\AndroidManifest.xml:36:13-70
meta-data#TencentMapSDK
ADDED from src\main\AndroidManifest.xml:42:9-45:11
	android:value
		ADDED from src\main\AndroidManifest.xml:44:9-60
	android:name
		ADDED from src\main\AndroidManifest.xml:43:9-37
uses-permission#com.tencent.ak_webview_sdk.permission.BROADCAST
ADDED from [ANDROID:WebPluginLib:unspecified:release] AndroidManifest.xml:11:5-87
	android:name
		ADDED from [ANDROID:WebPluginLib:unspecified:release] AndroidManifest.xml:11:22-84
uses-permission#android.permission.WRITE_SETTINGS
ADDED from [ANDROID:WebPluginLib:unspecified:release] AndroidManifest.xml:14:5-73
	android:name
		ADDED from [ANDROID:WebPluginLib:unspecified:release] AndroidManifest.xml:14:22-70
uses-permission#android.permission.WAKE_LOCK
ADDED from [ANDROID:WebPluginLib:unspecified:release] AndroidManifest.xml:15:5-68
	android:name
		ADDED from [ANDROID:WebPluginLib:unspecified:release] AndroidManifest.xml:15:22-65
uses-permission#android.permission.RECEIVE_USER_PRESENT
ADDED from [ANDROID:WebPluginLib:unspecified:release] AndroidManifest.xml:17:5-79
	android:name
		ADDED from [ANDROID:WebPluginLib:unspecified:release] AndroidManifest.xml:17:22-76
uses-permission#android.permission.RECEIVE_BOOT_COMPLETED
ADDED from [ANDROID:WebPluginLib:unspecified:release] AndroidManifest.xml:18:5-81
	android:name
		ADDED from [ANDROID:WebPluginLib:unspecified:release] AndroidManifest.xml:18:22-78
uses-permission#android.permission.RESTART_PACKAGES
ADDED from [ANDROID:WebPluginLib:unspecified:release] AndroidManifest.xml:20:5-75
	android:name
		ADDED from [ANDROID:WebPluginLib:unspecified:release] AndroidManifest.xml:20:22-72
uses-permission#android.permission.BROADCAST_STICKY
ADDED from [ANDROID:WebPluginLib:unspecified:release] AndroidManifest.xml:21:5-75
	android:name
		ADDED from [ANDROID:WebPluginLib:unspecified:release] AndroidManifest.xml:21:22-72
uses-permission#android.permission.KILL_BACKGROUND_PROCESSES
ADDED from [ANDROID:WebPluginLib:unspecified:release] AndroidManifest.xml:22:5-84
	android:name
		ADDED from [ANDROID:WebPluginLib:unspecified:release] AndroidManifest.xml:22:22-81
uses-permission#android.permission.GET_TASKS
ADDED from [ANDROID:WebPluginLib:unspecified:release] AndroidManifest.xml:23:5-68
	android:name
		ADDED from [ANDROID:WebPluginLib:unspecified:release] AndroidManifest.xml:23:22-65
uses-permission#android.permission.READ_LOGS
ADDED from [ANDROID:WebPluginLib:unspecified:release] AndroidManifest.xml:24:5-68
	android:name
		ADDED from [ANDROID:WebPluginLib:unspecified:release] AndroidManifest.xml:24:22-65
uses-permission#android.permission.BLUETOOTH
ADDED from [ANDROID:WebPluginLib:unspecified:release] AndroidManifest.xml:25:5-68
	android:name
		ADDED from [ANDROID:WebPluginLib:unspecified:release] AndroidManifest.xml:25:22-65
uses-permission#android.permission.BATTERY_STATS
ADDED from [ANDROID:WebPluginLib:unspecified:release] AndroidManifest.xml:26:5-72
	android:name
		ADDED from [ANDROID:WebPluginLib:unspecified:release] AndroidManifest.xml:26:22-69
uses-permission#android.permission.VIBRATE
ADDED from [ANDROID:WebPluginLib:unspecified:release] AndroidManifest.xml:27:5-66
	android:name
		ADDED from [ANDROID:WebPluginLib:unspecified:release] AndroidManifest.xml:27:22-63
uses-permission#android.permission.RECORD_AUDIO
ADDED from [ANDROID:WebPluginLib:unspecified:release] AndroidManifest.xml:30:5-71
	android:name
		ADDED from [ANDROID:WebPluginLib:unspecified:release] AndroidManifest.xml:30:22-68
uses-permission#android.permission.READ_EXTERNAL_STORAGE
ADDED from [ANDROID:WebPluginLib:unspecified:release] AndroidManifest.xml:31:5-80
MERGED from [ANDROID:imagepicker:unspecified] AndroidManifest.xml:16:5-80
	android:name
		ADDED from [ANDROID:WebPluginLib:unspecified:release] AndroidManifest.xml:31:22-77
uses-permission#android.permission.ACCESS_FINE_LOCATION
ADDED from [ANDROID:WebPluginLib:unspecified:release] AndroidManifest.xml:35:5-79
	android:name
		ADDED from [ANDROID:WebPluginLib:unspecified:release] AndroidManifest.xml:35:22-76
uses-permission#android.permission.ACCESS_COARSE_LOCATION
ADDED from [ANDROID:WebPluginLib:unspecified:release] AndroidManifest.xml:37:5-81
	android:name
		ADDED from [ANDROID:WebPluginLib:unspecified:release] AndroidManifest.xml:37:22-78
uses-permission#android.permission.INTERNET
ADDED from [ANDROID:WebPluginLib:unspecified:release] AndroidManifest.xml:39:5-67
	android:name
		ADDED from [ANDROID:WebPluginLib:unspecified:release] AndroidManifest.xml:39:22-64
uses-permission#android.permission.ACCESS_WIFI_STATE
ADDED from [ANDROID:WebPluginLib:unspecified:release] AndroidManifest.xml:41:5-76
	android:name
		ADDED from [ANDROID:WebPluginLib:unspecified:release] AndroidManifest.xml:41:22-73
uses-permission#android.permission.CHANGE_WIFI_STATE
ADDED from [ANDROID:WebPluginLib:unspecified:release] AndroidManifest.xml:43:5-76
	android:name
		ADDED from [ANDROID:WebPluginLib:unspecified:release] AndroidManifest.xml:43:22-73
uses-permission#android.permission.ACCESS_NETWORK_STATE
ADDED from [ANDROID:WebPluginLib:unspecified:release] AndroidManifest.xml:45:5-79
	android:name
		ADDED from [ANDROID:WebPluginLib:unspecified:release] AndroidManifest.xml:45:22-76
uses-permission#android.permission.CHANGE_NETWORK_STATE
ADDED from [ANDROID:WebPluginLib:unspecified:release] AndroidManifest.xml:47:5-79
	android:name
		ADDED from [ANDROID:WebPluginLib:unspecified:release] AndroidManifest.xml:47:22-76
uses-permission#android.permission.READ_PHONE_STATE
ADDED from [ANDROID:WebPluginLib:unspecified:release] AndroidManifest.xml:49:5-75
	android:name
		ADDED from [ANDROID:WebPluginLib:unspecified:release] AndroidManifest.xml:49:22-72
uses-permission#android.permission.MOUNT_UNMOUNT_FILESYSTEMS
ADDED from [ANDROID:WebPluginLib:unspecified:release] AndroidManifest.xml:52:5-84
MERGED from [ANDROID:imagepicker:unspecified] AndroidManifest.xml:12:5-84
	android:name
		ADDED from [ANDROID:WebPluginLib:unspecified:release] AndroidManifest.xml:52:22-81
uses-permission#android.permission.WRITE_EXTERNAL_STORAGE
ADDED from [ANDROID:WebPluginLib:unspecified:release] AndroidManifest.xml:53:5-81
MERGED from [ANDROID:imagepicker:unspecified] AndroidManifest.xml:14:5-81
	android:name
		ADDED from [ANDROID:WebPluginLib:unspecified:release] AndroidManifest.xml:53:22-78
activity#com.tencent.tauth.AuthActivity
ADDED from [ANDROID:WebPluginLib:unspecified:release] AndroidManifest.xml:58:9-70:20
	android:launchMode
		ADDED from [ANDROID:WebPluginLib:unspecified:release] AndroidManifest.xml:60:13-44
	android:noHistory
		ADDED from [ANDROID:WebPluginLib:unspecified:release] AndroidManifest.xml:61:13-37
	android:name
		ADDED from [ANDROID:WebPluginLib:unspecified:release] AndroidManifest.xml:59:13-58
intent-filter#android.intent.action.VIEW+android.intent.category.BROWSABLE+android.intent.category.DEFAULT
ADDED from [ANDROID:WebPluginLib:unspecified:release] AndroidManifest.xml:62:13-69:29
action#android.intent.action.VIEW
ADDED from [ANDROID:WebPluginLib:unspecified:release] AndroidManifest.xml:63:17-69
	android:name
		ADDED from [ANDROID:WebPluginLib:unspecified:release] AndroidManifest.xml:63:25-66
category#android.intent.category.DEFAULT
ADDED from [ANDROID:WebPluginLib:unspecified:release] AndroidManifest.xml:65:17-76
	android:name
		ADDED from [ANDROID:WebPluginLib:unspecified:release] AndroidManifest.xml:65:27-73
category#android.intent.category.BROWSABLE
ADDED from [ANDROID:WebPluginLib:unspecified:release] AndroidManifest.xml:66:17-78
	android:name
		ADDED from [ANDROID:WebPluginLib:unspecified:release] AndroidManifest.xml:66:27-75
data
ADDED from [ANDROID:WebPluginLib:unspecified:release] AndroidManifest.xml:68:17-60
	android:scheme
		ADDED from [ANDROID:WebPluginLib:unspecified:release] AndroidManifest.xml:68:23-57
activity#com.tencent.connect.common.AssistActivity
ADDED from [ANDROID:WebPluginLib:unspecified:release] AndroidManifest.xml:71:9-75:75
	android:exported
		ADDED from [ANDROID:WebPluginLib:unspecified:release] AndroidManifest.xml:74:13-36
	android:configChanges
		ADDED from [ANDROID:WebPluginLib:unspecified:release] AndroidManifest.xml:73:13-63
	android:theme
		ADDED from [ANDROID:WebPluginLib:unspecified:release] AndroidManifest.xml:75:13-72
	android:name
		ADDED from [ANDROID:WebPluginLib:unspecified:release] AndroidManifest.xml:72:13-69
activity#com.tencent.doh.ui.activity.LocationActivity
ADDED from [ANDROID:WebPluginLib:unspecified:release] AndroidManifest.xml:78:9-81
	android:name
		ADDED from [ANDROID:WebPluginLib:unspecified:release] AndroidManifest.xml:78:19-78
service#com.tencent.doh.plugins.audio.RecorderService
ADDED from [ANDROID:WebPluginLib:unspecified:release] AndroidManifest.xml:81:9-84:19
	android:exported
		ADDED from [ANDROID:WebPluginLib:unspecified:release] AndroidManifest.xml:83:13-36
	android:name
		ADDED from [ANDROID:WebPluginLib:unspecified:release] AndroidManifest.xml:82:13-73
activity#com.tencent.android.tpush.XGPushActivity
ADDED from [ANDROID:WebPluginLib:unspecified:release] AndroidManifest.xml:88:9-97:20
	android:exported
		ADDED from [ANDROID:WebPluginLib:unspecified:release] AndroidManifest.xml:90:13-36
	android:theme
		ADDED from [ANDROID:WebPluginLib:unspecified:release] AndroidManifest.xml:91:13-61
	android:name
		ADDED from [ANDROID:WebPluginLib:unspecified:release] AndroidManifest.xml:89:13-68
intent-filter#android.intent.action
ADDED from [ANDROID:WebPluginLib:unspecified:release] AndroidManifest.xml:92:13-96:29
action#android.intent.action
ADDED from [ANDROID:WebPluginLib:unspecified:release] AndroidManifest.xml:95:17-64
	android:name
		ADDED from [ANDROID:WebPluginLib:unspecified:release] AndroidManifest.xml:95:25-61
receiver#com.tencent.android.tpush.XGPushReceiver
ADDED from [ANDROID:WebPluginLib:unspecified:release] AndroidManifest.xml:100:9-128:20
	android:process
		ADDED from [ANDROID:WebPluginLib:unspecified:release] AndroidManifest.xml:102:13-45
	android:name
		ADDED from [ANDROID:WebPluginLib:unspecified:release] AndroidManifest.xml:101:13-68
intent-filter#android.bluetooth.adapter.action.STATE_CHANGED+android.intent.action.ACTION_POWER_CONNECTED+android.intent.action.ACTION_POWER_DISCONNECTED+android.intent.action.USER_PRESENT+android.net.conn.CONNECTIVITY_CHANGE+com.tencent.android.tpush.action.INTERNAL_PUSH_MESSAGE+com.tencent.android.tpush.action.SDK
ADDED from [ANDROID:WebPluginLib:unspecified:release] AndroidManifest.xml:103:13-118:29
	android:priority
		ADDED from [ANDROID:WebPluginLib:unspecified:release] AndroidManifest.xml:103:28-57
action#com.tencent.android.tpush.action.SDK
ADDED from [ANDROID:WebPluginLib:unspecified:release] AndroidManifest.xml:106:17-79
	android:name
		ADDED from [ANDROID:WebPluginLib:unspecified:release] AndroidManifest.xml:106:25-76
action#com.tencent.android.tpush.action.INTERNAL_PUSH_MESSAGE
ADDED from [ANDROID:WebPluginLib:unspecified:release] AndroidManifest.xml:107:17-97
	android:name
		ADDED from [ANDROID:WebPluginLib:unspecified:release] AndroidManifest.xml:107:25-94
action#android.net.conn.CONNECTIVITY_CHANGE
ADDED from [ANDROID:WebPluginLib:unspecified:release] AndroidManifest.xml:109:17-79
	android:name
		ADDED from [ANDROID:WebPluginLib:unspecified:release] AndroidManifest.xml:109:25-76
action#android.intent.action.USER_PRESENT
ADDED from [ANDROID:WebPluginLib:unspecified:release] AndroidManifest.xml:112:17-77
	android:name
		ADDED from [ANDROID:WebPluginLib:unspecified:release] AndroidManifest.xml:112:25-74
action#android.bluetooth.adapter.action.STATE_CHANGED
ADDED from [ANDROID:WebPluginLib:unspecified:release] AndroidManifest.xml:115:17-89
	android:name
		ADDED from [ANDROID:WebPluginLib:unspecified:release] AndroidManifest.xml:115:25-86
action#android.intent.action.ACTION_POWER_CONNECTED
ADDED from [ANDROID:WebPluginLib:unspecified:release] AndroidManifest.xml:116:17-87
	android:name
		ADDED from [ANDROID:WebPluginLib:unspecified:release] AndroidManifest.xml:116:25-84
action#android.intent.action.ACTION_POWER_DISCONNECTED
ADDED from [ANDROID:WebPluginLib:unspecified:release] AndroidManifest.xml:117:17-90
	android:name
		ADDED from [ANDROID:WebPluginLib:unspecified:release] AndroidManifest.xml:117:25-87
intent-filter#android.intent.action.MEDIA_CHECKING+android.intent.action.MEDIA_EJECT+android.intent.action.MEDIA_REMOVED+android.intent.action.MEDIA_UNMOUNTED
ADDED from [ANDROID:WebPluginLib:unspecified:release] AndroidManifest.xml:120:13-127:29
	android:priority
		ADDED from [ANDROID:WebPluginLib:unspecified:release] AndroidManifest.xml:120:28-57
action#android.intent.action.MEDIA_UNMOUNTED
ADDED from [ANDROID:WebPluginLib:unspecified:release] AndroidManifest.xml:121:17-80
	android:name
		ADDED from [ANDROID:WebPluginLib:unspecified:release] AndroidManifest.xml:121:25-77
action#android.intent.action.MEDIA_REMOVED
ADDED from [ANDROID:WebPluginLib:unspecified:release] AndroidManifest.xml:122:17-78
	android:name
		ADDED from [ANDROID:WebPluginLib:unspecified:release] AndroidManifest.xml:122:25-75
action#android.intent.action.MEDIA_CHECKING
ADDED from [ANDROID:WebPluginLib:unspecified:release] AndroidManifest.xml:123:17-79
	android:name
		ADDED from [ANDROID:WebPluginLib:unspecified:release] AndroidManifest.xml:123:25-76
action#android.intent.action.MEDIA_EJECT
ADDED from [ANDROID:WebPluginLib:unspecified:release] AndroidManifest.xml:124:17-76
	android:name
		ADDED from [ANDROID:WebPluginLib:unspecified:release] AndroidManifest.xml:124:25-73
service#com.tencent.android.tpush.service.XGPushService
ADDED from [ANDROID:WebPluginLib:unspecified:release] AndroidManifest.xml:130:9-134:48
	android:process
		ADDED from [ANDROID:WebPluginLib:unspecified:release] AndroidManifest.xml:134:13-45
	android:exported
		ADDED from [ANDROID:WebPluginLib:unspecified:release] AndroidManifest.xml:132:13-36
	android:persistent
		ADDED from [ANDROID:WebPluginLib:unspecified:release] AndroidManifest.xml:133:13-38
	android:name
		ADDED from [ANDROID:WebPluginLib:unspecified:release] AndroidManifest.xml:131:13-75
service#com.tencent.android.tpush.rpc.XGRemoteService
ADDED from [ANDROID:WebPluginLib:unspecified:release] AndroidManifest.xml:137:9-145:19
	android:exported
		ADDED from [ANDROID:WebPluginLib:unspecified:release] AndroidManifest.xml:139:13-36
	android:name
		ADDED from [ANDROID:WebPluginLib:unspecified:release] AndroidManifest.xml:138:13-73
intent-filter#com.tencent.doh.demo.PUSH_ACTION
ADDED from [ANDROID:WebPluginLib:unspecified:release] AndroidManifest.xml:140:13-144:29
action#com.tencent.doh.demo.PUSH_ACTION
ADDED from [ANDROID:WebPluginLib:unspecified:release] AndroidManifest.xml:143:17-75
	android:name
		ADDED from [ANDROID:WebPluginLib:unspecified:release] AndroidManifest.xml:143:25-72
receiver#com.tencent.doh.plugins.xgpush.receiver.DohPushReceiver
ADDED from [ANDROID:WebPluginLib:unspecified:release] AndroidManifest.xml:148:9-158:20
	android:exported
		ADDED from [ANDROID:WebPluginLib:unspecified:release] AndroidManifest.xml:150:13-36
	android:name
		ADDED from [ANDROID:WebPluginLib:unspecified:release] AndroidManifest.xml:149:13-83
intent-filter#com.tencent.android.tpush.action.FEEDBACK+com.tencent.android.tpush.action.PUSH_MESSAGE
ADDED from [ANDROID:WebPluginLib:unspecified:release] AndroidManifest.xml:151:13-157:29
action#com.tencent.android.tpush.action.PUSH_MESSAGE
ADDED from [ANDROID:WebPluginLib:unspecified:release] AndroidManifest.xml:154:17-88
	android:name
		ADDED from [ANDROID:WebPluginLib:unspecified:release] AndroidManifest.xml:154:25-85
action#com.tencent.android.tpush.action.FEEDBACK
ADDED from [ANDROID:WebPluginLib:unspecified:release] AndroidManifest.xml:156:17-84
	android:name
		ADDED from [ANDROID:WebPluginLib:unspecified:release] AndroidManifest.xml:156:25-81
uses-permission#android.permission.CAMERA
ADDED from [ANDROID:imagepicker:unspecified] AndroidManifest.xml:18:5-65
	android:name
		ADDED from [ANDROID:imagepicker:unspecified] AndroidManifest.xml:18:22-62
activity#com.lzy.imagepicker.ui.ImageBaseActivity
ADDED from [ANDROID:imagepicker:unspecified] AndroidManifest.xml:21:9-77
	android:name
		ADDED from [ANDROID:imagepicker:unspecified] AndroidManifest.xml:21:19-74
activity#com.lzy.imagepicker.ui.ImageGridActivity
ADDED from [ANDROID:imagepicker:unspecified] AndroidManifest.xml:22:9-25:60
	android:configChanges
		ADDED from [ANDROID:imagepicker:unspecified] AndroidManifest.xml:24:13-59
	android:theme
		ADDED from [ANDROID:imagepicker:unspecified] AndroidManifest.xml:25:13-57
	android:name
		ADDED from [ANDROID:imagepicker:unspecified] AndroidManifest.xml:23:13-68
activity#com.lzy.imagepicker.ui.ImageCropActivity
ADDED from [ANDROID:imagepicker:unspecified] AndroidManifest.xml:26:9-30:60
	android:hardwareAccelerated
		ADDED from [ANDROID:imagepicker:unspecified] AndroidManifest.xml:29:13-48
	android:configChanges
		ADDED from [ANDROID:imagepicker:unspecified] AndroidManifest.xml:28:13-59
	android:theme
		ADDED from [ANDROID:imagepicker:unspecified] AndroidManifest.xml:30:13-57
	android:name
		ADDED from [ANDROID:imagepicker:unspecified] AndroidManifest.xml:27:13-68
activity#com.lzy.imagepicker.ui.ImagePreviewActivity
ADDED from [ANDROID:imagepicker:unspecified] AndroidManifest.xml:31:9-34:70
	android:configChanges
		ADDED from [ANDROID:imagepicker:unspecified] AndroidManifest.xml:33:13-59
	android:theme
		ADDED from [ANDROID:imagepicker:unspecified] AndroidManifest.xml:34:13-67
	android:name
		ADDED from [ANDROID:imagepicker:unspecified] AndroidManifest.xml:32:13-71
activity#com.tencent.photoview.ImageViewerActivity
ADDED from [ANDROID:photoview:unspecified] AndroidManifest.xml:12:9-14:52
	android:screenOrientation
		ADDED from [ANDROID:photoview:unspecified] AndroidManifest.xml:14:13-49
	android:name
		ADDED from [ANDROID:photoview:unspecified] AndroidManifest.xml:13:13-69